{"task_type": "test-architect", "model": "deepseek/deepseek-chat", "test_file": "story3_deepseek-deepseek-chat.py", "attempt": 1, "failure_type": "red-phase-invalid", "error_summary": "4/4 passed (need >0 failures)", "error_output": "============================= test session starts =============================\nplatform win32 -- Python 3.12.10, pytest-9.0.2, pluggy-1.6.0 -- C:\\Users\\Lex\\AppData\\Local\\Programs\\Python\\Python312\\python.exe\ncachedir: .pytest_cache\nrootdir: D:\\Dev\\knowledge-network\nconfigfile: pyproject.toml\nplugins: anyio-4.11.0, hydra-core-1.3.2, typeguard-4.4.4\ncollecting ... collected 4 items\n\n..\\..\\tests\\experiments\\story3_deepseek-deepseek-chat.py::TestStory3WorkWithinOpenEffort::test_effort_messages_appended_to_effort_file PASSED [ 25%]\n..\\..\\tests\\experiments\\story3_deepseek-deepseek-chat.py::TestStory3WorkWithinOpenEffort::test_ambient_log_unchanged_during_effort_exchange PASSED [ 50%]\n..\\..\\tests\\experiments\\story3_deepseek-deepseek-chat.py::TestStory3WorkWithinOpenEffort::test_build_turn_context_includes_open_effort_history PASSED [ 75%]\n..\\..\\tests\\experiments\\story3_deepseek-deepseek-chat.py::TestStory3WorkWithinOpenEffort::test_effort_context_excludes_concluded_efforts PASSED [100%]\n\n============================== 4 passed in 0.17s ==============================\n", "reasoning_content": null, "timestamp": "2026-02-14T23:31:06"}
{"task_type": "test-architect", "model": "deepseek/deepseek-chat", "test_file": "story4_deepseek-deepseek-chat.py", "attempt": 1, "failure_type": "quality-violation", "error_summary": "{'test': 'test_unrelated_question_stored_in_ambient_log_not_effort_log', 'issues': ['Imports from orchestrator module(s); {'test': 'test_effort_log_unchanged_after_ambient_interruption', 'issues': ['Imports from orchestrator module(s): oi.con; {'test': 'test_ambient_log_contains_interruption_exchange', 'issues': ['Imports from orchestrator module(s): oi.conversa; {'test': 'test_llm_sees_open_effort_in_system_prompt_but_chooses_ambient', 'issues': ['Imports from orchestrator module(", "reasoning_content": null, "timestamp": "2026-02-14T23:34:18"}
{"task_type": "test-architect", "model": "deepseek/deepseek-chat", "test_file": "story3_deepseek-deepseek-chat.py", "attempt": 1, "failure_type": "semantic-review", "error_summary": "Incomplete verification of message appending", "reasoning_content": null, "timestamp": "2026-02-14T23:58:50"}
{"task_type": "test-architect", "model": "deepseek/deepseek-chat", "test_file": "story3_deepseek-deepseek-chat.py", "attempt": 2, "failure_type": "red-phase-invalid", "error_summary": "5/5 passed (need >0 failures)", "error_output": "============================= test session starts =============================\nplatform win32 -- Python 3.12.10, pytest-9.0.2, pluggy-1.6.0 -- C:\\Users\\Lex\\AppData\\Local\\Programs\\Python\\Python312\\python.exe\ncachedir: .pytest_cache\nrootdir: D:\\Dev\\knowledge-network\nconfigfile: pyproject.toml\nplugins: anyio-4.11.0, hydra-core-1.3.2, typeguard-4.4.4\ncollecting ... collected 5 items\n\n..\\..\\tests\\experiments\\story3_deepseek-deepseek-chat.py::TestStory3WorkWithinOpenEffort::test_messages_about_open_effort_appended_to_effort_file PASSED [ 20%]\n..\\..\\tests\\experiments\\story3_deepseek-deepseek-chat.py::TestStory3WorkWithinOpenEffort::test_assistant_has_access_to_full_effort_history PASSED [ 40%]\n..\\..\\tests\\experiments\\story3_deepseek-deepseek-chat.py::TestStory3WorkWithinOpenEffort::test_ambient_log_does_not_grow_with_effort_messages PASSED [ 60%]\n..\\..\\tests\\experiments\\story3_deepseek-deepseek-chat.py::TestStory3WorkWithinOpenEffort::test_full_exchange_saved_to_effort_log PASSED [ 80%]\n..\\..\\tests\\experiments\\story3_deepseek-deepseek-chat.py::TestStory3WorkWithinOpenEffort::test_effort_context_includes_only_open_efforts PASSED [100%]\n\n============================== 5 passed in 0.15s ==============================\n", "reasoning_content": null, "timestamp": "2026-02-14T23:59:50"}
{"task_type": "test-architect", "model": "deepseek/deepseek-chat", "test_file": "story3_deepseek-deepseek-chat.py", "attempt": 3, "failure_type": "red-phase-invalid", "error_summary": "5/5 passed (need >0 failures)", "error_output": "============================= test session starts =============================\nplatform win32 -- Python 3.12.10, pytest-9.0.2, pluggy-1.6.0 -- C:\\Users\\Lex\\AppData\\Local\\Programs\\Python\\Python312\\python.exe\ncachedir: .pytest_cache\nrootdir: D:\\Dev\\knowledge-network\nconfigfile: pyproject.toml\nplugins: anyio-4.11.0, hydra-core-1.3.2, typeguard-4.4.4\ncollecting ... collected 5 items\n\n..\\..\\tests\\experiments\\story3_deepseek-deepseek-chat.py::TestStory3WorkWithinOpenEffort::test_save_exchange_and_update_state_appends_to_effort_file PASSED [ 20%]\n..\\..\\tests\\experiments\\story3_deepseek-deepseek-chat.py::TestStory3WorkWithinOpenEffort::test_build_turn_context_includes_open_effort_history PASSED [ 40%]\n..\\..\\tests\\experiments\\story3_deepseek-deepseek-chat.py::TestStory3WorkWithinOpenEffort::test_route_message_returns_effort_id_for_effort_related_messages PASSED [ 60%]\n..\\..\\tests\\experiments\\story3_deepseek-deepseek-chat.py::TestStory3WorkWithinOpenEffort::test_route_message_returns_ambient_for_unrelated_messages PASSED [ 80%]\n..\\..\\tests\\experiments\\story3_deepseek-deepseek-chat.py::TestStory3WorkWithinOpenEffort::test_build_turn_context_excludes_concluded_efforts PASSED [100%]\n\n============================== 5 passed in 0.14s ==============================\n", "reasoning_content": null, "timestamp": "2026-02-15T00:00:46"}
{"task_type": "test-architect", "model": "deepseek/deepseek-chat", "test_file": "story3_deepseek-deepseek-chat.py", "attempt": 1, "failure_type": "semantic-review", "error_summary": "Test data fails boundary condition for effort routing; Test data fails boundary condition for effort routing", "reasoning_content": null, "timestamp": "2026-02-15T00:02:24"}
{"task_type": "test-architect", "model": "deepseek/deepseek-chat", "test_file": "story4_deepseek-deepseek-chat.py", "attempt": 1, "failure_type": "quality-violation", "error_summary": "{'test': 'test_ambient_exchange_does_not_trigger_effort_tools', 'issues': ['Too many patches (3) \u2014 likely orchestrator t", "reasoning_content": null, "timestamp": "2026-02-15T00:06:08"}
{"task_type": "test-architect", "model": "deepseek/deepseek-chat", "test_file": "story4_deepseek-deepseek-chat.py", "attempt": 2, "failure_type": "red-phase-invalid", "error_summary": "4/6 passed (need >0 failures)", "error_output": "============================= test session starts =============================\nplatform win32 -- Python 3.12.10, pytest-9.0.2, pluggy-1.6.0 -- C:\\Users\\Lex\\AppData\\Local\\Programs\\Python\\Python312\\python.exe\ncachedir: .pytest_cache\nrootdir: D:\\Dev\\knowledge-network\nconfigfile: pyproject.toml\nplugins: anyio-4.11.0, hydra-core-1.3.2, typeguard-4.4.4\ncollecting ... collected 6 items\n\n..\\..\\tests\\experiments\\story4_deepseek-deepseek-chat.py::TestStory4InterruptEffortWithAmbientChat::test_unrelated_question_saved_to_ambient_log PASSED [ 16%]\n..\\..\\tests\\experiments\\story4_deepseek-deepseek-chat.py::TestStory4InterruptEffortWithAmbientChat::test_effort_log_unchanged_by_interruption PASSED [ 33%]\n..\\..\\tests\\experiments\\story4_deepseek-deepseek-chat.py::TestStory4InterruptEffortWithAmbientChat::test_llm_responds_appropriately_to_unrelated_question FAILED [ 50%]\n..\\..\\tests\\experiments\\story4_deepseek-deepseek-chat.py::TestStory4InterruptEffortWithAmbientChat::test_routing_unrelated_message_to_ambient PASSED [ 66%]\n..\\..\\tests\\experiments\\story4_deepseek-deepseek-chat.py::TestStory4InterruptEffortWithAmbientChat::test_routing_related_message_to_effort PASSED [ 83%]\n..\\..\\tests\\experiments\\story4_deepseek-deepseek-chat.py::TestStory4InterruptEffortWithAmbientChat::test_ambient_exchange_does_not_trigger_effort_tools FAILED [100%]\n\n================================== FAILURES ===================================\n_ TestStory4InterruptEffortWithAmbientChat.test_llm_responds_appropriately_to_unrelated_question _\n..\\..\\tests\\experiments\\story4_deepseek-deepseek-chat.py:49: in test_llm_responds_appropriately_to_unrelated_question\n    with patch('oi.llm.litellm.completion') as mock_completion:\n         ^^^^^^^^^^^^^^^^^^^^^^^^^^^^^^^^^^\nC:\\Users\\Lex\\AppData\\Local\\Programs\\Python\\Python312\\Lib\\unittest\\mock.py:1451: in __enter__\n    self.target = self.getter()\n                  ^^^^^^^^^^^^^\nC:\\Users\\Lex\\AppData\\Local\\Programs\\Python\\Python312\\Lib\\pkgutil.py:528: in resolve_name\n    result = getattr(result, p)\n             ^^^^^^^^^^^^^^^^^^\nE   AttributeError: module 'oi.llm' has no attribute 'litellm'\n_ TestStory4InterruptEffortWithAmbientChat.test_ambient_exchange_does_not_trigger_effort_tools _\n..\\..\\tests\\experiments\\story4_deepseek-deepseek-chat.py:81: in test_ambient_exchange_does_not_trigger_effort_tools\n    with patch('oi.llm.litellm.completion') as mock_completion:\n         ^^^^^^^^^^^^^^^^^^^^^^^^^^^^^^^^^^\nC:\\Users\\Lex\\AppData\\Local\\Programs\\Python\\Python312\\Lib\\unittest\\mock.py:1451: in __enter__\n    self.target = self.getter()\n                  ^^^^^^^^^^^^^\nC:\\Users\\Lex\\AppData\\Local\\Programs\\Python\\Python312\\Lib\\pkgutil.py:528: in resolve_name\n    result = getattr(result, p)\n             ^^^^^^^^^^^^^^^^^^\nE   AttributeError: module 'oi.llm' has no attribute 'litellm'\n=========================== short test summary info ===========================\nFAILED ..\\..\\tests\\experiments\\story4_deepseek-deepseek-chat.py::TestStory4InterruptEffortWithAmbientChat\n... (truncated)", "reasoning_content": null, "timestamp": "2026-02-15T00:08:41"}
{"task_type": "test-architect", "model": "deepseek/deepseek-chat", "test_file": "story4_deepseek-deepseek-chat.py", "attempt": 3, "failure_type": "quality-violation", "error_summary": "{'test': 'test_unrelated_question_saved_to_ambient_log', 'issues': ['Imports from orchestrator module(s): oi.conversatio; {'test': 'test_effort_log_unchanged_by_interruption', 'issues': ['Imports from orchestrator module(s): oi.conversation.p; {'test': 'test_llm_responds_appropriately_to_unrelated_question', 'issues': ['Imports from orchestrator module(s): oi.co; {'test': 'test_ambient_exchange_does_not_trigger_effort_tools', 'issues': ['Imports from orchestrator module(s): oi.conv", "reasoning_content": null, "timestamp": "2026-02-15T00:09:04"}
{"task_type": "test-architect", "model": "deepseek/deepseek-chat", "test_file": "story4_deepseek-deepseek-chat.py", "attempt": 1, "failure_type": "quality-violation", "error_summary": "{'test': 'test_ambient_exchange_does_not_trigger_effort_tools', 'issues': ['Too many patches (3) \u2014 likely orchestrator t", "reasoning_content": null, "timestamp": "2026-02-15T00:09:39"}
{"task_type": "test-architect", "model": "deepseek/deepseek-chat", "test_file": "story4_deepseek-deepseek-chat.py", "attempt": 2, "failure_type": "semantic-review", "error_summary": "Test modifies effort log instead of verifying it remains unchanged", "reasoning_content": null, "timestamp": "2026-02-15T00:10:24"}
{"task_type": "test-architect", "model": "deepseek/deepseek-chat", "test_file": "story4_deepseek-deepseek-chat.py", "attempt": 3, "failure_type": "quality-violation", "error_summary": "{'test': 'test_effort_log_unchanged_by_interruption', 'issues': ['Imports from orchestrator module(s): oi.conversation.p", "reasoning_content": null, "timestamp": "2026-02-15T00:10:46"}
{"task_type": "test-architect", "model": "deepseek/deepseek-chat", "test_file": "story4_deepseek-deepseek-chat.py", "attempt": 4, "failure_type": "red-phase-invalid", "error_summary": "3/6 passed (need >0 failures)", "error_output": "============================= test session starts =============================\nplatform win32 -- Python 3.12.10, pytest-9.0.2, pluggy-1.6.0 -- C:\\Users\\Lex\\AppData\\Local\\Programs\\Python\\Python312\\python.exe\ncachedir: .pytest_cache\nrootdir: D:\\Dev\\knowledge-network\nconfigfile: pyproject.toml\nplugins: anyio-4.11.0, hydra-core-1.3.2, typeguard-4.4.4\ncollecting ... collected 6 items\n\n..\\..\\tests\\experiments\\story4_deepseek-deepseek-chat.py::TestStory4InterruptEffortWithAmbientChat::test_unrelated_question_saved_to_ambient_log PASSED [ 16%]\n..\\..\\tests\\experiments\\story4_deepseek-deepseek-chat.py::TestStory4InterruptEffortWithAmbientChat::test_effort_log_unchanged_by_interruption FAILED [ 33%]\n..\\..\\tests\\experiments\\story4_deepseek-deepseek-chat.py::TestStory4InterruptEffortWithAmbientChat::test_llm_responds_appropriately_to_unrelated_question FAILED [ 50%]\n..\\..\\tests\\experiments\\story4_deepseek-deepseek-chat.py::TestStory4InterruptEffortWithAmbientChat::test_routing_unrelated_message_to_ambient PASSED [ 66%]\n..\\..\\tests\\experiments\\story4_deepseek-deepseek-chat.py::TestStory4InterruptEffortWithAmbientChat::test_routing_related_message_to_effort PASSED [ 83%]\n..\\..\\tests\\experiments\\story4_deepseek-deepseek-chat.py::TestStory4InterruptEffortWithAmbientChat::test_ambient_exchange_does_not_trigger_effort_tools FAILED [100%]\n\n================================== FAILURES ===================================\n_ TestStory4InterruptEffortWithAmbientChat.test_effort_log_unchanged_by_interruption _\n..\\..\\tests\\experiments\\story4_deepseek-deepseek-chat.py:38: in test_effort_log_unchanged_by_interruption\n    save_to_effort_log(efforts_dir, \"auth-bug\", \"user\", \"What's the weather?\")\n..\\..\\src\\oi\\efforts.py:178: in save_to_effort_log\n    raise NotImplementedError('save_to_effort_log')\nE   NotImplementedError: save_to_effort_log\n_ TestStory4InterruptEffortWithAmbientChat.test_llm_responds_appropriately_to_unrelated_question _\n..\\..\\tests\\experiments\\story4_deepseek-deepseek-chat.py:45: in test_llm_responds_appropriately_to_unrelated_question\n    with patch('oi.llm.litellm.completion') as mock_completion:\n         ^^^^^^^^^^^^^^^^^^^^^^^^^^^^^^^^^^\nC:\\Users\\Lex\\AppData\\Local\\Programs\\Python\\Python312\\Lib\\unittest\\mock.py:1451: in __enter__\n    self.target = self.getter()\n                  ^^^^^^^^^^^^^\nC:\\Users\\Lex\\AppData\\Local\\Programs\\Python\\Python312\\Lib\\pkgutil.py:528: in resolve_name\n    result = getattr(result, p)\n             ^^^^^^^^^^^^^^^^^^\nE   AttributeError: module 'oi.llm' has no attribute 'litellm'\n_ TestStory4InterruptEffortWithAmbientChat.test_ambient_exchange_does_not_trigger_effort_tools _\n..\\..\\tests\\experiments\\story4_deepseek-deepseek-chat.py:77: in test_ambient_exchange_does_not_trigger_effort_tools\n    with patch('oi.llm.litellm.completion') as mock_completion:\n         ^^^^^^^^^^^^^^^^^^^^^^^^^^^^^^^^^^\nC:\\Users\\Lex\\AppData\\Local\\Programs\\Python\\Python312\\Lib\\unittest\\mock.py:1451: in __enter__\n    self.target = self.getter()\n              \n... (truncated)", "reasoning_content": null, "timestamp": "2026-02-15T00:12:47"}
{"task_type": "test-architect", "model": "deepseek/deepseek-chat", "test_file": "story4_deepseek-deepseek-chat.py", "attempt": 1, "failure_type": "quality-violation", "error_summary": "{'test': 'test_ambient_exchange_does_not_trigger_effort_tools', 'issues': ['Too many patches (3) \u2014 likely orchestrator t", "reasoning_content": null, "timestamp": "2026-02-15T00:16:58"}
{"task_type": "test-architect", "model": "deepseek/deepseek-chat", "test_file": "story4_deepseek-deepseek-chat.py", "attempt": 2, "failure_type": "semantic-review", "error_summary": "Test modifies effort log instead of verifying it remains unchanged", "reasoning_content": null, "timestamp": "2026-02-15T00:17:42"}
{"task_type": "test-architect", "model": "deepseek/deepseek-chat", "test_file": "story4_deepseek-deepseek-chat.py", "attempt": 3, "failure_type": "quality-violation", "error_summary": "{'test': 'test_effort_log_unchanged_by_interruption', 'issues': ['Imports from orchestrator module(s): oi.conversation.p", "reasoning_content": null, "timestamp": "2026-02-15T00:18:03"}
